0 info it worked if it ends with ok
1 verbose cli [ '/usr/local/Cellar/node/0.10.24/bin/node',
1 verbose cli   '/usr/local/bin/npm',
1 verbose cli   'install',
1 verbose cli   'grunt-karma-jasmine' ]
2 info using npm@1.3.21
3 info using node@v0.10.24
4 info shrinkwrap file "/Users/account/Code/dash/npm-shrinkwrap.json"
5 verbose readDependencies returned deps { 'karma-html2js-preprocessor': '0.1.0',
5 verbose readDependencies returned deps   'karma-requirejs': '0.2.1',
5 verbose readDependencies returned deps   'karma-script-launcher': '0.1.0',
5 verbose readDependencies returned deps   requirejs: '2.1.10',
5 verbose readDependencies returned deps   'karma-coffee-preprocessor': '0.1.2',
5 verbose readDependencies returned deps   'karma-phantomjs-launcher': '0.1.1' }
6 verbose cache add [ 'grunt-karma-jasmine', null ]
7 verbose cache add name=undefined spec="grunt-karma-jasmine" args=["grunt-karma-jasmine",null]
8 verbose parsed url { protocol: null,
8 verbose parsed url   slashes: null,
8 verbose parsed url   auth: null,
8 verbose parsed url   host: null,
8 verbose parsed url   port: null,
8 verbose parsed url   hostname: null,
8 verbose parsed url   hash: null,
8 verbose parsed url   search: null,
8 verbose parsed url   query: null,
8 verbose parsed url   pathname: 'grunt-karma-jasmine',
8 verbose parsed url   path: 'grunt-karma-jasmine',
8 verbose parsed url   href: 'grunt-karma-jasmine' }
9 silly lockFile 9694c8f5-grunt-karma-jasmine grunt-karma-jasmine
10 verbose lock grunt-karma-jasmine /Users/account/.npm/9694c8f5-grunt-karma-jasmine.lock
11 silly lockFile 9694c8f5-grunt-karma-jasmine grunt-karma-jasmine
12 silly lockFile 9694c8f5-grunt-karma-jasmine grunt-karma-jasmine
13 verbose addNamed [ 'grunt-karma-jasmine', '' ]
14 verbose addNamed [ null, '*' ]
15 silly lockFile 722c9a8f-grunt-karma-jasmine grunt-karma-jasmine@
16 verbose lock grunt-karma-jasmine@ /Users/account/.npm/722c9a8f-grunt-karma-jasmine.lock
17 silly addNameRange { name: 'grunt-karma-jasmine', range: '*', hasData: false }
18 verbose url raw grunt-karma-jasmine
19 verbose url resolving [ 'https://registry.npmjs.org/', './grunt-karma-jasmine' ]
20 verbose url resolved https://registry.npmjs.org/grunt-karma-jasmine
21 info trying registry request attempt 1 at 22:49:49
22 http GET https://registry.npmjs.org/grunt-karma-jasmine
23 http 404 https://registry.npmjs.org/grunt-karma-jasmine
24 silly registry.get cb [ 404,
24 silly registry.get   { date: 'Mon, 03 Feb 2014 03:49:49 GMT',
24 silly registry.get     server: 'CouchDB/1.5.0 (Erlang OTP/R16B)',
24 silly registry.get     'content-type': 'application/json',
24 silly registry.get     via: '1.1 varnish',
24 silly registry.get     'cache-control': 'max-age=0',
24 silly registry.get     'content-length': '52',
24 silly registry.get     'accept-ranges': 'bytes',
24 silly registry.get     age: '0',
24 silly registry.get     'x-served-by': 'cache-v42-ASH, cache-at51-ATL',
24 silly registry.get     'x-cache': 'MISS, MISS',
24 silly registry.get     'x-cache-hits': '0, 0',
24 silly registry.get     'x-timer': 'S1391399389.610482931,VS0,VS5,VE22,VE30',
24 silly registry.get     'keep-alive': 'timeout=10, max=50',
24 silly registry.get     connection: 'Keep-Alive' } ]
25 silly lockFile 722c9a8f-grunt-karma-jasmine grunt-karma-jasmine@
26 silly lockFile 722c9a8f-grunt-karma-jasmine grunt-karma-jasmine@
27 error 404 'grunt-karma-jasmine' is not in the npm registry.
27 error 404 You should bug the author to publish it
27 error 404
27 error 404 Note that you can also install from a
27 error 404 tarball, folder, or http url, or git url.
28 error System Darwin 13.0.0
29 error command "/usr/local/Cellar/node/0.10.24/bin/node" "/usr/local/bin/npm" "install" "grunt-karma-jasmine"
30 error cwd /Users/account/Code/dash
31 error node -v v0.10.24
32 error npm -v 1.3.21
33 error code E404
34 verbose exit [ 1, true ]
